#
# A fatal error has been detected by the Java Runtime Environment:
#
#  EXCEPTION_ACCESS_VIOLATION (0xc0000005) at pc=0x61c9f03d, pid=20376, tid=14832
#
# JRE version: OpenJDK Runtime Environment (8.0_41-b04) (build 1.8.0_41-b04)
# Java VM: OpenJDK Client VM (25.40-b25 mixed mode windows-x86 )
# Problematic frame:
# V  [jvm.dll+0xaf03d]
#
# Failed to write core dump. Minidumps are not enabled by default on client versions of Windows
#
# If you would like to submit a bug report, please visit:
#   http://bugreport.java.com/bugreport/crash.jsp
#

---------------  T H R E A D  ---------------

Current thread (0x14e18800):  JavaThread "JDWP Transport Listener: dt_socket" daemon [_thread_in_vm, id=14832, stack(0x15260000,0x152b0000)]

siginfo: ExceptionCode=0xc0000005, reading address 0x00000032

Registers:
EAX=0x00000032, EBX=0x00000000, ECX=0x00000032, EDX=0x00000000
ESP=0x152af1f0, EBP=0x152af1f4, ESI=0x14e18800, EDI=0x026c73e8
EIP=0x61c9f03d, EFLAGS=0x00010202

Top of Stack: (sp=0x152af1f0)
0x152af1f0:   14e18800 152af21c 61defde4 00000032
0x152af200:   152af2d4 152af257 14e18800 00000000
0x152af210:   00000000 00000000 14e18800 152af258
0x152af220:   6e319f80 026c73e8 00000032 152af257
0x152af230:   00000032 6e30436d 00000032 152af257
0x152af240:   00000002 00000000 00000000 00000009
0x152af250:   00000000 00e47dc4 152af278 6e3044e0
0x152af260:   00000001 152af294 152af2d0 14ec50a8 

Instructions: (pc=0x61c9f03d)
0x61c9f01d:   5d c3 52 e8 5b f9 ff ff 5d c3 cc cc cc cc cc cc
0x61c9f02d:   cc cc cc 55 8b ec 8b 45 08 85 c0 75 02 5d c3 56
0x61c9f03d:   8b 30 85 f6 74 17 83 fe 37 74 12 8b 06 8b 50 08
0x61c9f04d:   8b ce ff d2 84 c0 74 05 8b c6 5e 5d c3 33 c0 5e 


Register to memory mapping:

EAX=0x00000032 is an unknown value
EBX=0x00000000 is an unknown value
ECX=0x00000032 is an unknown value
EDX=0x00000000 is an unknown value
ESP=0x152af1f0 is pointing into the stack for thread: 0x14e18800
EBP=0x152af1f4 is pointing into the stack for thread: 0x14e18800
ESI=0x14e18800 is a thread
EDI=0x026c73e8 is an unknown value


Stack: [0x15260000,0x152b0000],  sp=0x152af1f0,  free space=316k
Native frames: (J=compiled Java code, j=interpreted, Vv=VM code, C=native code)
V  [jvm.dll+0xaf03d]
V  [jvm.dll+0x1ffde4]
C  [jdwp.dll+0x19f80]
C  [jdwp.dll+0x44e0]
C  [jdwp.dll+0x451e]
C  0x76616a4c


---------------  P R O C E S S  ---------------

Java Threads: ( => current thread )
  0x14e82800 JavaThread "Service Thread" daemon [_thread_blocked, id=1016, stack(0x154a0000,0x154f0000)]
  0x14e55800 JavaThread "C1 CompilerThread0" daemon [_thread_blocked, id=14800, stack(0x15410000,0x15460000)]
  0x14e4e000 JavaThread "JDWP Command Reader" daemon [_thread_in_native, id=8412, stack(0x15380000,0x153d0000)]
  0x14e4b400 JavaThread "JDWP Event Helper Thread" daemon [_thread_blocked, id=27132, stack(0x152f0000,0x15340000)]
=>0x14e18800 JavaThread "JDWP Transport Listener: dt_socket" daemon [_thread_in_vm, id=14832, stack(0x15260000,0x152b0000)]
  0x14e43c00 JavaThread "Attach Listener" daemon [_thread_blocked, id=8072, stack(0x151d0000,0x15220000)]
  0x14e42c00 JavaThread "Signal Dispatcher" daemon [_thread_blocked, id=15692, stack(0x15140000,0x15190000)]
  0x14de7400 JavaThread "Finalizer" daemon [_thread_blocked, id=20572, stack(0x150b0000,0x15100000)]
  0x14de1800 JavaThread "Reference Handler" daemon [_thread_blocked, id=29588, stack(0x15020000,0x15070000)]
  0x026cdc00 JavaThread "main" [_thread_blocked, id=35132, stack(0x02590000,0x025e0000)]

Other Threads:
  0x027cc800 VMThread [stack: 0x14d90000,0x14de0000] [id=10340]
  0x14e5c800 WatcherThread [stack: 0x15530000,0x15580000] [id=14496]

VM state:not at safepoint (normal execution)

VM Mutex/Monitor currently owned by a thread: None

Heap:
 def new generation   total 4928K, used 1223K [0x04800000, 0x04d50000, 0x09d50000)
  eden space 4416K,  27% used [0x04800000, 0x04931ca0, 0x04c50000)
  from space 512K,   0% used [0x04c50000, 0x04c50000, 0x04cd0000)
  to   space 512K,   0% used [0x04cd0000, 0x04cd0000, 0x04d50000)
 tenured generation   total 10944K, used 0K [0x09d50000, 0x0a800000, 0x14800000)
   the space 10944K,   0% used [0x09d50000, 0x09d50000, 0x09d50200, 0x0a800000)
 Metaspace       used 1871K, capacity 2280K, committed 2368K, reserved 4480K

Card table byte_map: [0x14800000,0x14890000] byte_map_base: 0x147dc000

Polling page: 0x00bb0000

CodeCache: size=32768Kb used=696Kb max_used=696Kb free=32071Kb
 bounds [0x027d0000, 0x02880000, 0x047d0000]
 total_blobs=156 nmethods=25 adapters=72
 compilation: enabled

Compilation events (10 events):
Event: 0.222 Thread 0x14e55800   21             java.lang.Math::min (11 bytes)
Event: 0.222 Thread 0x14e55800 nmethod 21 0x02879c08 code [0x02879d00, 0x02879d70]
Event: 0.223 Thread 0x14e55800   22  s          java.lang.StringBuffer::append (13 bytes)
Event: 0.223 Thread 0x14e55800 nmethod 22 0x02879dc8 code [0x02879ed0, 0x0287a11c]
Event: 0.225 Thread 0x14e55800   23             java.io.WinNTFileSystem::normalize (143 bytes)
Event: 0.225 Thread 0x14e55800 nmethod 23 0x0287a2c8 code [0x0287a420, 0x0287a6bc]
Event: 0.225 Thread 0x14e55800   24             java.io.WinNTFileSystem::normalize (231 bytes)
Event: 0.226 Thread 0x14e55800 nmethod 24 0x0287aa08 code [0x0287aca0, 0x0287c39c]
Event: 0.229 Thread 0x14e55800   25             java.lang.String::length (6 bytes)
Event: 0.229 Thread 0x14e55800 nmethod 25 0x0287df48 code [0x0287e040, 0x0287e0d0]

GC Heap History (0 events):
No events

Deoptimization events (0 events):
No events

Internal exceptions (2 events):
Event: 0.053 Thread 0x026cdc00 Exception <a 'java/lang/NoSuchMethodError': Method sun.misc.Unsafe.defineClass(Ljava/lang/String;[BII)Ljava/lang/Class; name or signature does not match> (0x048108c0) thrown at [C:\ade\jenkins\workspace\8-2-build-owindows-i586-cygwin\jdk8u41\500\hotspot\sr¤´íj¨«?
Event: 0.053 Thread 0x026cdc00 Exception <a 'java/lang/NoSuchMethodError': Method sun.misc.Unsafe.prefetchRead(Ljava/lang/Object;J)V name or signature does not match> (0x04810b40) thrown at [C:\ade\jenkins\workspace\8-2-build-owindows-i586-cygwin\jdk8u41\500\hotspot\src\share\vm\prims\j

Events (10 events):
Event: 160.237 Executing VM operation: ChangeBreakpoints
Event: 160.237 Executing VM operation: ChangeBreakpoints done
Event: 276.367 Executing VM operation: ChangeBreakpoints
Event: 276.367 Executing VM operation: ChangeBreakpoints done
Event: 276.865 Executing VM operation: ChangeBreakpoints
Event: 276.865 Executing VM operation: ChangeBreakpoints done
Event: 277.560 Executing VM operation: ChangeBreakpoints
Event: 277.560 Executing VM operation: ChangeBreakpoints done
Event: 287.750 Executing VM operation: RedefineClasses
Event: 287.750 Executing VM operation: RedefineClasses done


Dynamic libraries:
0x00640000 - 0x00671000 	C:\java\java-se-8u41-ri\bin\javaw.exe
0x77ae0000 - 0x77c83000 	C:\WINDOWS\SYSTEM32\ntdll.dll
0x76820000 - 0x76910000 	C:\WINDOWS\System32\KERNEL32.DLL
0x776c0000 - 0x778d4000 	C:\WINDOWS\System32\KERNELBASE.dll
0x759d0000 - 0x75a4a000 	C:\WINDOWS\System32\ADVAPI32.dll
0x76710000 - 0x767cf000 	C:\WINDOWS\System32\msvcrt.dll
0x76a40000 - 0x76ab5000 	C:\WINDOWS\System32\sechost.dll
0x77990000 - 0x77a4f000 	C:\WINDOWS\System32\RPCRT4.dll
0x76dc0000 - 0x76f60000 	C:\WINDOWS\System32\USER32.dll
0x773a0000 - 0x773b8000 	C:\WINDOWS\System32\win32u.dll
0x773c0000 - 0x773e4000 	C:\WINDOWS\System32\GDI32.dll
0x76460000 - 0x7653c000 	C:\WINDOWS\System32\gdi32full.dll
0x76690000 - 0x7670b000 	C:\WINDOWS\System32\msvcp_win.dll
0x77110000 - 0x77230000 	C:\WINDOWS\System32\ucrtbase.dll
0x71de0000 - 0x71ff0000 	C:\WINDOWS\WinSxS\x86_microsoft.windows.common-controls_6595b64144ccf1df_6.0.19041.1110_none_a8625c1886757984\COMCTL32.dll
0x76b00000 - 0x76b25000 	C:\WINDOWS\System32\IMM32.DLL
0x6de00000 - 0x6debf000 	C:\java\java-se-8u41-ri\jre\bin\msvcr100.dll
0x61bf0000 - 0x61f73000 	C:\java\java-se-8u41-ri\jre\bin\client\jvm.dll
0x75a50000 - 0x75a56000 	C:\WINDOWS\System32\PSAPI.DLL
0x72100000 - 0x72108000 	C:\WINDOWS\SYSTEM32\WSOCK32.dll
0x72200000 - 0x72228000 	C:\WINDOWS\SYSTEM32\WINMM.dll
0x77650000 - 0x776b3000 	C:\WINDOWS\System32\WS2_32.dll
0x75140000 - 0x75148000 	C:\WINDOWS\SYSTEM32\VERSION.dll
0x6e360000 - 0x6e36c000 	C:\java\java-se-8u41-ri\jre\bin\verify.dll
0x6e330000 - 0x6e351000 	C:\java\java-se-8u41-ri\jre\bin\java.dll
0x6e300000 - 0x6e329000 	C:\java\java-se-8u41-ri\jre\bin\jdwp.dll
0x6e2f0000 - 0x6e2f7000 	C:\java\java-se-8u41-ri\jre\bin\npt.dll
0x6dde0000 - 0x6ddf3000 	C:\java\java-se-8u41-ri\jre\bin\zip.dll
0x75a60000 - 0x76013000 	C:\WINDOWS\System32\SHELL32.dll
0x6e840000 - 0x6ee48000 	C:\WINDOWS\SYSTEM32\windows.storage.dll
0x76b30000 - 0x76db1000 	C:\WINDOWS\System32\combase.dll
0x6e800000 - 0x6e825000 	C:\WINDOWS\SYSTEM32\Wldp.dll
0x77450000 - 0x774d7000 	C:\WINDOWS\System32\SHCORE.dll
0x767d0000 - 0x76815000 	C:\WINDOWS\System32\shlwapi.dll
0x6e7e0000 - 0x6e7f8000 	C:\WINDOWS\SYSTEM32\profapi.dll
0x6e2e0000 - 0x6e2e8000 	C:\java\java-se-8u41-ri\jre\bin\dt_socket.dll
0x6be60000 - 0x6be71000 	C:\WINDOWS\system32\napinsp.dll
0x6be40000 - 0x6be56000 	C:\WINDOWS\system32\pnrpnsp.dll
0x6e020000 - 0x6e030000 	C:\WINDOWS\system32\wshbth.dll
0x6e760000 - 0x6e776000 	C:\WINDOWS\system32\NLAapi.dll
0x720c0000 - 0x720f2000 	C:\WINDOWS\SYSTEM32\IPHLPAPI.DLL
0x74830000 - 0x74882000 	C:\WINDOWS\System32\mswsock.dll
0x70220000 - 0x702b1000 	C:\WINDOWS\SYSTEM32\DNSAPI.dll
0x759a0000 - 0x759a7000 	C:\WINDOWS\System32\NSI.dll
0x6be30000 - 0x6be3e000 	C:\WINDOWS\System32\winrnr.dll
0x70120000 - 0x70178000 	C:\WINDOWS\System32\fwpuclnt.dll
0x759b0000 - 0x759c9000 	C:\WINDOWS\System32\bcrypt.dll
0x70180000 - 0x70188000 	C:\Windows\System32\rasadhlp.dll
0x71c50000 - 0x71dd8000 	C:\WINDOWS\SYSTEM32\dbghelp.dll
0x76f60000 - 0x76fbf000 	C:\WINDOWS\System32\bcryptPrimitives.dll

VM Arguments:
jvm_args: -agentlib:jdwp=transport=dt_socket,suspend=y,address=localhost:65447 -Dfile.encoding=UTF-8 
java_command: org.geotools.tutorial.Quickstart
java_class_path (initial): C:\java\java-se-8u41-ri\jre\lib\resources.jar;C:\java\java-se-8u41-ri\jre\lib\rt.jar;C:\java\java-se-8u41-ri\jre\lib\jsse.jar;C:\java\java-se-8u41-ri\jre\lib\jce.jar;C:\java\java-se-8u41-ri\jre\lib\charsets.jar;C:\java\java-se-8u41-ri\jre\lib\ext\cldrdata.jar;C:\java\java-se-8u41-ri\jre\lib\ext\dnsns.jar;C:\java\java-se-8u41-ri\jre\lib\ext\localedata.jar;C:\java\java-se-8u41-ri\jre\lib\ext\nashorn.jar;C:\java\java-se-8u41-ri\jre\lib\ext\sunec.jar;C:\java\java-se-8u41-ri\jre\lib\ext\sunjce_provider.jar;C:\java\java-se-8u41-ri\jre\lib\ext\sunmscapi.jar;C:\java\java-se-8u41-ri\jre\lib\ext\sunpkcs11.jar;C:\java\java-se-8u41-ri\jre\lib\ext\zipfs.jar;C:\Users\fbtjd\Desktop\egov3.8\eGovFrameDev-3.8.0-64bit\workspace\tutorial\target\classes;C:\Users\fbtjd\.m2\repository\org\geotools\gt-shapefile\12.5\gt-shapefile-12.5.jar;C:\Users\fbtjd\.m2\repository\org\geotools\gt-data\12.5\gt-data-12.5.jar;C:\Users\fbtjd\.m2\repository\org\geotools\gt-main\12.5\gt-main-12.5.jar;C:\Users\fbtjd\.m2\repository\org\geotools\gt-api\12.5\gt-api-12.5.jar;C:\Users\fbtjd\.m2\repository\com\vividsolutions\jts\1.13\jts-1.13.jar;C:\Users\fbtjd\.m2\repository\org\jdom\jdom\1.1.3\jdom-1.1.3.jar;C:\Users\fbtjd\.m2\repository\javax\media\jai_core\1.1.3\jai_core-1.1.3.jar;C:\Users\fbtjd\.m2\repository\org\geotools\gt-swing\12.5\gt-swing-12.5.jar;C:\Users\fbtjd\.m2\repository\org\geotools\gt-referencing\12.5\gt-referencing-12.5.jar;C:\Users\fbtjd\.m2\repository\java3d\vecmath\1.3.2\vecmath-1.3.2.jar;C:\Users\fbtjd\.m2\repository\commons-pool\commons-pool\1.5.4\commons-pool-1.5.4.jar;C:\Users\fbtjd\.m2\repository\org\geotools\gt-metadata\12.5\gt-metadata-12.5.jar;C:\Users\fbtjd\.m2\repository\org\geotools\gt-opengis\12.5\gt-opengis-12.5.jar;C:\Users\fbtjd\.m2\repository\net\java\dev\jsr-275\jsr-275\1.0-beta-2\jsr-275-1.0-beta-2.jar;C:\Users\fbtjd\.m2\repository\jgridshift\jgridshift\1.0\jgridshift-1.0.jar;C:\Users\fbtjd\.m2\repository\org\geotools\gt-render\12.5\gt-render-12.5
Launcher Type: SUN_STANDARD

Environment Variables:
JAVA_HOME=C:\java\jdk1.8.0_261
PATH=C:\java\java-se-8u41-ri\jre\bin;C:\Program Files\Python37\Scripts\;C:\Program Files\Python37\;C:\WINDOWS\system32;C:\WINDOWS;C:\WINDOWS\System32\Wbem;C:\WINDOWS\System32\WindowsPowerShell\v1.0\;C:\WINDOWS\System32\OpenSSH\;C:\Program Files\PuTTY\;C:\Program Files\Git\cmd;C:\Program Files\PostgreSQL\12\bin;C:\Program Files\MariaDB 10.5\bin;C:\Program Files\010 Editor;C:\flutter\bin;C:\Users\fbtjd\AppData\Local\Android\Sdk\platform-tools;C:\Program Files\FME\;C:\Program Files\nodejs\;C:\java\java-se-8u41-ri\bin;C:\Users\fbtjd\AppData\Local\Microsoft\WindowsApps;C:\Program Files\Bandizip\;C:\Users\fbtjd\AppData\Local\Programs\Microsoft VS Code\bin;C:\Users\fbtjd\AppData\Roaming\npm
USERNAME=fbtjd
OS=Windows_NT
PROCESSOR_IDENTIFIER=Intel64 Family 6 Model 60 Stepping 3, GenuineIntel



---------------  S Y S T E M  ---------------

OS: Windows 10.0 , 64 bit Build 19041 (10.0.19041.1348)

CPU:total 8 (4 cores per cpu, 2 threads per core) family 6 model 60 stepping 3, cmov, cx8, fxsr, mmx, sse, sse2, sse3, ssse3, sse4.1, sse4.2, popcnt, avx, avx2, aes, clmul, erms, lzcnt, ht, tsc, tscinvbit, bmi1, bmi2

Memory: 4k page, physical 33483304k(21592120k free), swap 38464040k(19289884k free)

vm_info: OpenJDK Client VM (25.40-b25) for windows-x86 JRE (1.8.0_41-b04), built on Jan 15 2020 07:02:01 by "rejava" with MS VC++ 10.0 (VS2010)

time: Tue Dec 14 16:34:56 2021
elapsed time: 287 seconds (0d 0h 4m 47s)

